<?xml version="1.0" encoding="UTF-8"?>
<testsuite name="com.thoughtworks.rectangle.RectangleTest" tests="2" skipped="0" failures="0" errors="0" timestamp="2024-01-12T18:30:41" hostname="gurushifu-gurushifugitp-fktj29riyiy" time="0.019">
  <properties/>
  <testcase name="shouldReturnPerimeterWhenLengthAndBreadthGiven()" classname="com.thoughtworks.rectangle.RectangleTest" time="0.015"/>
  <testcase name="shouldReturnAreaWhenLengthAndBreadthGiven()" classname="com.thoughtworks.rectangle.RectangleTest" time="0.001"/>
  <system-out><![CDATA[]]></system-out>
  <system-err><![CDATA[]]></system-err>
</testsuite>
